2018-09-18 14:58:47
user_id:1==>data:{"amount":"4.0000","balls":[{"ball":"9|10","position":[["6","7"]],"extra":{},"moneyunit":"1.000","multiple":"1","num":2,"onePrice":2,"prizeGroup":"1950","type":"hz.hz.fs","typeCN":"和值,和值,和值","viewBalls":"9|10","wayId":"157","jsId":0,"totalMoney":4,"rebate":"0.000000"}],"gameId":18,"isTrace":0,"orders":{"20180820078":1},"traceWinStop":1,"gameNameCn":"GSK3"}
=====================
2018-09-18 14:59:06
user_id:1==>data:{"amount":"4.0000","balls":[{"ball":"10|11","position":[["7","8"]],"extra":{},"moneyunit":"1.000","multiple":"1","num":2,"onePrice":2,"prizeGroup":"1950","type":"hz.hz.fs","typeCN":"和值,和值,和值","viewBalls":"10|11","wayId":"157","jsId":0,"totalMoney":4,"rebate":"0.000000"}],"gameId":18,"isTrace":0,"orders":{"20180820078":1},"traceWinStop":1,"gameNameCn":"GSK3"}
=====================
2018-09-18 15:03:53
user_id:1==>data:{"amount":"4.0000","balls":[{"ball":"10|11","position":[["7","8"]],"extra":{},"moneyunit":"1.000","multiple":"1","num":2,"onePrice":2,"prizeGroup":"1950","type":"hz.hz.fs","typeCN":"和值,和值,和值","viewBalls":"10|11","wayId":"157","jsId":0,"totalMoney":4,"rebate":"0.000000"}],"gameId":18,"isTrace":0,"orders":{"20180820078":1},"traceWinStop":1,"gameNameCn":"GSK3"}
=====================
2018-09-18 15:04:02
user_id:1==>data:{"amount":"4.0000","balls":[{"ball":"8|9","position":[["5","6"]],"extra":{},"moneyunit":"1.000","multiple":"1","num":2,"onePrice":2,"prizeGroup":"1950","type":"hz.hz.fs","typeCN":"和值,和值,和值","viewBalls":"8|9","wayId":"157","jsId":0,"totalMoney":4,"rebate":"0.000000"}],"gameId":18,"isTrace":0,"orders":{"20180820078":1},"traceWinStop":1,"gameNameCn":"GSK3"}
=====================
2018-09-18 15:36:16
user_id:1==>data:{"amount":"2.0000","balls":[{"ball":"11","position":[["8"]],"extra":{},"moneyunit":"1.000","multiple":"1","num":1,"onePrice":2,"prizeGroup":"1950","type":"hz.hz.fs","typeCN":"和值,和值,和值","viewBalls":"11","wayId":"157","jsId":0,"totalMoney":2,"rebate":"0.000000"}],"gameId":18,"isTrace":0,"orders":{"20180820078":1},"traceWinStop":1,"gameNameCn":"GSK3"}
=====================
2018-09-18 15:36:40
user_id:1==>data:{"amount":"2.0000","balls":[{"ball":"11","position":[["8"]],"extra":{},"moneyunit":"1.000","multiple":"1","num":1,"onePrice":2,"prizeGroup":"1950","type":"hz.hz.fs","typeCN":"和值,和值,和值","viewBalls":"11","wayId":"157","jsId":0,"totalMoney":2,"rebate":"0.000000"}],"gameId":18,"isTrace":0,"orders":{"20180820078":1},"traceWinStop":1,"gameNameCn":"GSK3"}
=====================
2018-09-18 16:06:13
user_id:1==>data:{"amount":"2.0000","balls":[{"ball":"8","position":[["5"]],"extra":{},"moneyunit":"1.000","multiple":"1","num":1,"onePrice":2,"prizeGroup":"1950","type":"hz.hz.fs","typeCN":"和值,和值,和值","viewBalls":"8","wayId":"157","jsId":0,"totalMoney":2,"rebate":"0.000000"}],"gameId":18,"isTrace":0,"orders":{"20180820078":1},"traceWinStop":1,"gameNameCn":"GSK3"}
=====================
2018-09-18 16:06:34
user_id:1==>data:{"amount":"2.0000","balls":[{"ball":"9","position":[["6"]],"extra":{},"moneyunit":"1.000","multiple":"1","num":1,"onePrice":2,"prizeGroup":"1950","type":"hz.hz.fs","typeCN":"和值,和值,和值","viewBalls":"9","wayId":"157","jsId":0,"totalMoney":2,"rebate":"0.000000"}],"gameId":18,"isTrace":0,"orders":{"20180820078":1},"traceWinStop":1,"gameNameCn":"GSK3"}
=====================
2018-09-18 16:07:34
user_id:1==>data:{"amount":"2.0000","balls":[{"ball":"10","position":[["7"]],"extra":{},"moneyunit":"1.000","multiple":"1","num":1,"onePrice":2,"prizeGroup":"1950","type":"hz.hz.fs","typeCN":"和值,和值,和值","viewBalls":"10","wayId":"157","jsId":0,"totalMoney":2,"rebate":"0.000000"}],"gameId":18,"isTrace":0,"orders":{"20180820078":1},"traceWinStop":1,"gameNameCn":"GSK3"}
=====================
2018-09-18 16:07:48
user_id:1==>data:{"amount":"2.0000","balls":[{"ball":"9","position":[["6"]],"extra":{},"moneyunit":"1.000","multiple":"1","num":1,"onePrice":2,"prizeGroup":"1950","type":"hz.hz.fs","typeCN":"和值,和值,和值","viewBalls":"9","wayId":"157","jsId":0,"totalMoney":2,"rebate":"0.000000"}],"gameId":18,"isTrace":0,"orders":{"20180820078":1},"traceWinStop":1,"gameNameCn":"GSK3"}
=====================
2018-09-18 16:08:25
user_id:1==>data:{"amount":"2.0000","balls":[{"ball":"9","position":[["6"]],"extra":{},"moneyunit":"1.000","multiple":"1","num":1,"onePrice":2,"prizeGroup":"1950","type":"hz.hz.fs","typeCN":"和值,和值,和值","viewBalls":"9","wayId":"157","jsId":0,"totalMoney":2,"rebate":"0.000000"}],"gameId":18,"isTrace":0,"orders":{"20180820078":1},"traceWinStop":1,"gameNameCn":"GSK3"}
=====================
2018-09-18 16:08:37
user_id:1==>data:{"amount":"2.0000","balls":[{"ball":"10","position":[["7"]],"extra":{},"moneyunit":"1.000","multiple":"1","num":1,"onePrice":2,"prizeGroup":"1950","type":"hz.hz.fs","typeCN":"和值,和值,和值","viewBalls":"10","wayId":"157","jsId":0,"totalMoney":2,"rebate":"0.000000"}],"gameId":18,"isTrace":0,"orders":{"20180820078":1},"traceWinStop":1,"gameNameCn":"GSK3"}
=====================
2018-09-18 16:09:14
user_id:1==>data:{"amount":"2.0000","balls":[{"ball":"8","position":[["5"]],"extra":{},"moneyunit":"1.000","multiple":"1","num":1,"onePrice":2,"prizeGroup":"1950","type":"hz.hz.fs","typeCN":"和值,和值,和值","viewBalls":"8","wayId":"157","jsId":0,"totalMoney":2,"rebate":"0.000000"}],"gameId":18,"isTrace":0,"orders":{"20180820078":1},"traceWinStop":1,"gameNameCn":"GSK3"}
=====================
2018-09-18 16:09:32
user_id:1==>data:{"amount":"2.0000","balls":[{"ball":"10","position":[["7"]],"extra":{},"moneyunit":"1.000","multiple":"1","num":1,"onePrice":2,"prizeGroup":"1950","type":"hz.hz.fs","typeCN":"和值,和值,和值","viewBalls":"10","wayId":"157","jsId":0,"totalMoney":2,"rebate":"0.000000"}],"gameId":18,"isTrace":0,"orders":{"20180820078":1},"traceWinStop":1,"gameNameCn":"GSK3"}
=====================
2018-09-18 16:10:44
user_id:1==>data:{"amount":"2.0000","balls":[{"ball":"10","position":[["7"]],"extra":{},"moneyunit":"1.000","multiple":"1","num":1,"onePrice":2,"prizeGroup":"1950","type":"hz.hz.fs","typeCN":"和值,和值,和值","viewBalls":"10","wayId":"157","jsId":0,"totalMoney":2,"rebate":"0.000000"}],"gameId":18,"isTrace":0,"orders":{"20180820078":1},"traceWinStop":1,"gameNameCn":"GSK3"}
=====================
2018-09-18 16:15:55
user_id:1==>data:{"amount":"2.0000","balls":[{"ball":"11","position":[["8"]],"extra":{},"moneyunit":"1.000","multiple":"1","num":1,"onePrice":2,"prizeGroup":"1950","type":"hz.hz.fs","typeCN":"和值,和值,和值","viewBalls":"11","wayId":"157","jsId":0,"totalMoney":2,"rebate":"0.000000"}],"gameId":18,"isTrace":0,"orders":{"20180820078":1},"traceWinStop":1,"gameNameCn":"GSK3"}
=====================
2018-09-18 16:17:09
user_id:1==>data:{"amount":"2.0000","balls":[{"ball":"11","position":[["8"]],"extra":{},"moneyunit":"1.000","multiple":"1","num":1,"onePrice":2,"prizeGroup":"1950","type":"hz.hz.fs","typeCN":"和值,和值,和值","viewBalls":"11","wayId":"157","jsId":0,"totalMoney":2,"rebate":"0.000000"}],"gameId":18,"isTrace":0,"orders":{"20180820078":1},"traceWinStop":1,"gameNameCn":"GSK3"}
=====================
2018-09-18 16:17:23
user_id:1==>data:{"amount":"2.0000","balls":[{"ball":"8","position":[["5"]],"extra":{},"moneyunit":"1.000","multiple":"1","num":1,"onePrice":2,"prizeGroup":"1950","type":"hz.hz.fs","typeCN":"和值,和值,和值","viewBalls":"8","wayId":"157","jsId":0,"totalMoney":2,"rebate":"0.000000"}],"gameId":18,"isTrace":0,"orders":{"20180820078":1},"traceWinStop":1,"gameNameCn":"GSK3"}
=====================
2018-09-18 16:18:11
user_id:1==>data:{"amount":"2.0000","balls":[{"ball":"10","position":[["7"]],"extra":{},"moneyunit":"1.000","multiple":"1","num":1,"onePrice":2,"prizeGroup":"1950","type":"hz.hz.fs","typeCN":"和值,和值,和值","viewBalls":"10","wayId":"157","jsId":0,"totalMoney":2,"rebate":"0.000000"}],"gameId":18,"isTrace":0,"orders":{"20180820078":1},"traceWinStop":1,"gameNameCn":"GSK3"}
=====================
2018-09-18 16:18:54
user_id:1==>data:{"amount":"2.0000","balls":[{"ball":"10","position":[["7"]],"extra":{},"moneyunit":"1.000","multiple":"1","num":1,"onePrice":2,"prizeGroup":"1950","type":"hz.hz.fs","typeCN":"和值,和值,和值","viewBalls":"10","wayId":"157","jsId":0,"totalMoney":2,"rebate":"0.000000"}],"gameId":18,"isTrace":0,"orders":{"20180820078":1},"traceWinStop":1,"gameNameCn":"GSK3"}
=====================
2018-09-18 16:19:07
user_id:1==>data:{"amount":"2.0000","balls":[{"ball":"8","position":[["5"]],"extra":{},"moneyunit":"1.000","multiple":"1","num":1,"onePrice":2,"prizeGroup":"1950","type":"hz.hz.fs","typeCN":"和值,和值,和值","viewBalls":"8","wayId":"157","jsId":0,"totalMoney":2,"rebate":"0.000000"}],"gameId":18,"isTrace":0,"orders":{"20180820078":1},"traceWinStop":1,"gameNameCn":"GSK3"}
=====================
2018-09-18 16:19:34
user_id:1==>data:{"amount":"2.0000","balls":[{"ball":"10","position":[["7"]],"extra":{},"moneyunit":"1.000","multiple":"1","num":1,"onePrice":2,"prizeGroup":"1950","type":"hz.hz.fs","typeCN":"和值,和值,和值","viewBalls":"10","wayId":"157","jsId":0,"totalMoney":2,"rebate":"0.000000"}],"gameId":18,"isTrace":0,"orders":{"20180820078":1},"traceWinStop":1,"gameNameCn":"GSK3"}
=====================
2018-09-18 16:19:51
user_id:1==>data:{"amount":"4.0000","balls":[{"ball":"7|5|67","position":[["7"],["5"],["6","7"]],"extra":{},"moneyunit":"1.000","multiple":"1","num":2,"onePrice":2,"prizeGroup":"1950","type":"housan.zhixuan.fushi","typeCN":"后三,直选,直选复式","viewBalls":"7|5|67","wayId":"69","jsId":0,"totalMoney":4,"rebate":"0.000000"}],"gameId":1,"isTrace":0,"orders":{"180918063":1},"traceWinStop":1,"gameNameCn":"CQSSC"}
=====================
2018-09-18 16:34:58
user_id:1==>data:{"amount":"2.0000","balls":[{"ball":"6|6|6","position":[["6"],["6"],["6"]],"extra":{},"moneyunit":"1.000","multiple":"1","num":1,"onePrice":2,"prizeGroup":"1900","type":"housan.zhixuan.fushi","typeCN":"三星,直选,复式","viewBalls":"6|6|6","wayId":"136","jsId":0,"totalMoney":2,"rebate":"0.050000"}],"gameId":11,"isTrace":0,"orders":{"2018315":1},"traceWinStop":1,"gameNameCn":"3D"}
=====================
2018-09-18 16:41:28
user_id:1==>data:{"amount":"4.0000","balls":[{"ball":"6|67|7","position":[["6"],["6","7"],["7"]],"extra":{},"moneyunit":"1.000","multiple":"1","num":2,"onePrice":2,"prizeGroup":"1900","type":"housan.zhixuan.fushi","typeCN":"三星,直选,复式","viewBalls":"6|67|7","wayId":"136","jsId":0,"totalMoney":4,"rebate":"0.100000"}],"gameId":11,"isTrace":0,"orders":{"2018315":1},"traceWinStop":1,"gameNameCn":"3D"}
=====================
2018-09-18 16:43:48
user_id:1==>data:{"amount":"4.0000","balls":[{"ball":"5|5|56","position":[["5"],["5"],["5","6"]],"extra":{},"moneyunit":"1.000","multiple":"1","num":2,"onePrice":2,"prizeGroup":"1900","type":"housan.zhixuan.fushi","typeCN":"三星,直选,复式","viewBalls":"5|5|56","wayId":"136","jsId":0,"totalMoney":4,"rebate":"0.100000"}],"gameId":11,"isTrace":0,"orders":{"2018315":1},"traceWinStop":1,"gameNameCn":"3D"}
=====================
2018-09-18 17:02:06
user_id:1==>data:{"amount":"2.0000","balls":[{"ball":"5|5|5","position":[["5"],["5"],["5"]],"extra":{},"moneyunit":"1.000","multiple":"1","num":1,"onePrice":2,"prizeGroup":"1900","type":"housan.zhixuan.fushi","typeCN":"三星,直选,复式","viewBalls":"5|5|5","wayId":"136","jsId":0,"totalMoney":2,"rebate":"0.050000"}],"gameId":11,"isTrace":0,"orders":{"2018315":1},"traceWinStop":1,"gameNameCn":"3D"}
=====================
2018-09-18 17:06:14
user_id:1==>data:{"amount":"4.0000","balls":[{"ball":"2|23|2","position":[["2"],["2","3"],["2"]],"extra":{},"moneyunit":"1.000","multiple":"1","num":2,"onePrice":2,"prizeGroup":"1900","type":"housan.zhixuan.fushi","typeCN":"三星,直选,复式","viewBalls":"2|23|2","wayId":"136","jsId":0,"totalMoney":4,"rebate":"0.100000"}],"gameId":11,"isTrace":0,"orders":{"2018315":1},"traceWinStop":1,"gameNameCn":"3D"}
=====================
