2018-09-23 15:27:53
user_id:17==>data:{"amount":"42.0000","balls":[{"ball":"7|25","position":[["7","25"]],"extra":{},"moneyunit":"0.500","multiple":"1","num":42,"onePrice":2,"prizeGroup":"1950","type":"housan.zhixuan.hezhi","typeCN":"后三,直选,直选和值","viewBalls":"7|25","wayId":"73","jsId":0,"totalMoney":42,"rebate":"0.000000"}],"gameId":1,"isTrace":0,"orders":{"180921036":1},"traceWinStop":1,"gameNameCn":"CQSSC"}
=====================
2018-09-23 15:29:10
user_id:17==>data:{"amount":"4.0000","balls":[{"ball":"56","position":[["5","6"]],"extra":{},"moneyunit":"1.000","multiple":"1","num":2,"onePrice":2,"prizeGroup":"1950","type":"housan.zuxuan.zusan","typeCN":"后三,组选,组三","viewBalls":"56","wayId":"49","jsId":0,"totalMoney":4,"rebate":"0.000000"}],"gameId":3,"isTrace":0,"orders":{"0277189":1},"traceWinStop":1,"gameNameCn":"HLJSSC"}
=====================
2018-09-23 15:59:32
user_id:1==>data:{"amount":"4.0000","balls":[{"ball":"9|9|9","position":[["9"],["9"],["9"]],"extra":{},"moneyunit":"1.000","multiple":"1","num":1,"onePrice":2,"prizeGroup":"1950","type":"housan.zhixuan.fushi","typeCN":"后三,直选,直选复式","viewBalls":"9|9|9","wayId":"69","jsId":1,"totalMoney":2,"rebate":"0.000000","moneyUnitData":"2元"},{"ball":"8|8|8","position":[["8"],["8"],["8"]],"extra":{},"moneyunit":"1.000","multiple":"1","num":1,"onePrice":2,"prizeGroup":"1950","type":"housan.zhixuan.fushi","typeCN":"后三,直选,直选复式","viewBalls":"8|8|8","wayId":"69","jsId":0,"totalMoney":2,"rebate":"0.000000","moneyUnitData":"2元"}],"gameId":1,"isTrace":0,"orders":{"180923060":1},"traceWinStop":1,"gameNameCn":"重庆时时彩"}
=====================
2018-09-23 16:01:28
user_id:1==>data:{"amount":"4.0000","balls":[{"ball":"9|9|9","position":[["9"],["9"],["9"]],"extra":{},"moneyunit":"1.000","multiple":"1","num":1,"onePrice":2,"prizeGroup":"1950","type":"housan.zhixuan.fushi","typeCN":"后三,直选,直选复式","viewBalls":"9|9|9","wayId":"69","jsId":1,"totalMoney":2,"rebate":"0.000000","moneyUnitData":"2元"},{"ball":"8|8|8","position":[["8"],["8"],["8"]],"extra":{},"moneyunit":"1.000","multiple":"1","num":1,"onePrice":2,"prizeGroup":"1950","type":"housan.zhixuan.fushi","typeCN":"后三,直选,直选复式","viewBalls":"8|8|8","wayId":"69","jsId":0,"totalMoney":2,"rebate":"0.000000","moneyUnitData":"2元"}],"gameId":1,"isTrace":0,"orders":{"180923061":1},"traceWinStop":1,"gameNameCn":"重庆时时彩"}
=====================
2018-09-23 16:02:08
user_id:1==>data:{"amount":"4.0000","balls":[{"ball":"9|9|9","position":[["9"],["9"],["9"]],"extra":{},"moneyunit":"1.000","multiple":"1","num":1,"onePrice":2,"prizeGroup":"1950","type":"housan.zhixuan.fushi","typeCN":"后三,直选,直选复式","viewBalls":"9|9|9","wayId":"69","jsId":1,"totalMoney":2,"rebate":"0.000000","moneyUnitData":"2元"},{"ball":"8|8|8","position":[["8"],["8"],["8"]],"extra":{},"moneyunit":"1.000","multiple":"1","num":1,"onePrice":2,"prizeGroup":"1950","type":"housan.zhixuan.fushi","typeCN":"后三,直选,直选复式","viewBalls":"8|8|8","wayId":"69","jsId":0,"totalMoney":2,"rebate":"0.000000","moneyUnitData":"2元"}],"gameId":1,"isTrace":0,"orders":{"180923061":1},"traceWinStop":1,"gameNameCn":"重庆时时彩"}
=====================
2018-09-23 16:04:47
user_id:1==>data:{"amount":"4.0000","balls":[{"ball":"9|9|9","position":[["9"],["9"],["9"]],"extra":{},"moneyunit":"1.000","multiple":"1","num":1,"onePrice":2,"prizeGroup":"1950","type":"housan.zhixuan.fushi","typeCN":"后三,直选,直选复式","viewBalls":"9|9|9","wayId":"69","jsId":1,"totalMoney":2,"rebate":"0.000000","moneyUnitData":"2元"},{"ball":"8|8|8","position":[["8"],["8"],["8"]],"extra":{},"moneyunit":"1.000","multiple":"1","num":1,"onePrice":2,"prizeGroup":"1950","type":"housan.zhixuan.fushi","typeCN":"后三,直选,直选复式","viewBalls":"8|8|8","wayId":"69","jsId":0,"totalMoney":2,"rebate":"0.000000","moneyUnitData":"2元"}],"gameId":1,"isTrace":0,"orders":{"180923061":1},"traceWinStop":1,"gameNameCn":"重庆时时彩"}
=====================
2018-09-23 16:05:31
user_id:1==>data:{"amount":"4.0000","balls":[{"ball":"9|9|9","position":[["9"],["9"],["9"]],"extra":{},"moneyunit":"1.000","multiple":"1","num":1,"onePrice":2,"prizeGroup":"1950","type":"housan.zhixuan.fushi","typeCN":"后三,直选,直选复式","viewBalls":"9|9|9","wayId":"69","jsId":1,"totalMoney":2,"rebate":"0.000000","moneyUnitData":"2元"},{"ball":"7|7|7","position":[["7"],["7"],["7"]],"extra":{},"moneyunit":"1.000","multiple":"1","num":1,"onePrice":2,"prizeGroup":"1950","type":"housan.zhixuan.fushi","typeCN":"后三,直选,直选复式","viewBalls":"7|7|7","wayId":"69","jsId":0,"totalMoney":2,"rebate":"0.000000","moneyUnitData":"2元"}],"gameId":1,"isTrace":0,"orders":{"180923061":1},"traceWinStop":1,"gameNameCn":"重庆时时彩"}
=====================
2018-09-23 16:07:39
user_id:1==>data:{"amount":"500.0000","balls":[{"ball":"13579|13579|13579","position":[["1","3","5","7","9"],["1","3","5","7","9"],["1","3","5","7","9"]],"extra":{},"moneyunit":"1.000","multiple":"1","num":125,"onePrice":2,"prizeGroup":"1950","type":"housan.zhixuan.fushi","typeCN":"后三,直选,直选复式","viewBalls":"13579|13579|13579","wayId":"69","jsId":1,"totalMoney":250,"rebate":"0.000000","moneyUnitData":"2元"},{"ball":"01234|01234|01234","position":[["0","1","2","3","4"],["0","1","2","3","4"],["0","1","2","3","4"]],"extra":{},"moneyunit":"1.000","multiple":"1","num":125,"onePrice":2,"prizeGroup":"1950","type":"housan.zhixuan.fushi","typeCN":"后三,直选,直选复式","viewBalls":"01234|01234|01234","wayId":"69","jsId":0,"totalMoney":250,"rebate":"0.000000","moneyUnitData":"2元"}],"gameId":1,"isTrace":0,"orders":{"180923061":1},"traceWinStop":1,"gameNameCn":"重庆时时彩"}
=====================
2018-09-23 16:08:06
user_id:1==>data:{"amount":"252.0000","balls":[{"ball":"01234|01234|01234","position":[["0","1","2","3","4"],["0","1","2","3","4"],["0","1","2","3","4"]],"extra":{},"moneyunit":"1.000","multiple":"1","num":125,"onePrice":2,"prizeGroup":"1950","type":"housan.zhixuan.fushi","typeCN":"后三,直选,直选复式","viewBalls":"01234|01234|01234","wayId":"69","jsId":1,"totalMoney":250,"rebate":"0.000000","moneyUnitData":"2元"},{"ball":"9|9|9","position":[["9"],["9"],["9"]],"extra":{},"moneyunit":"1.000","multiple":"1","num":1,"onePrice":2,"prizeGroup":"1950","type":"housan.zhixuan.fushi","typeCN":"后三,直选,直选复式","viewBalls":"9|9|9","wayId":"69","jsId":0,"totalMoney":2,"rebate":"0.000000","moneyUnitData":"2元"}],"gameId":1,"isTrace":0,"orders":{"180923061":1},"traceWinStop":1,"gameNameCn":"重庆时时彩"}
=====================
2018-09-23 16:09:53
user_id:1==>data:{"amount":"252.0000","balls":[{"ball":"9|9|9","position":[["9"],["9"],["9"]],"extra":{},"moneyunit":"1.000","multiple":"1","num":1,"onePrice":2,"prizeGroup":"1950","type":"housan.zhixuan.fushi","typeCN":"后三,直选,直选复式","viewBalls":"9|9|9","wayId":"69","jsId":1,"totalMoney":2,"rebate":"0.000000","moneyUnitData":"2元"},{"ball":"56789|56789|56789","position":[["5","6","7","8","9"],["5","6","7","8","9"],["5","6","7","8","9"]],"extra":{},"moneyunit":"1.000","multiple":"1","num":125,"onePrice":2,"prizeGroup":"1950","type":"housan.zhixuan.fushi","typeCN":"后三,直选,直选复式","viewBalls":"56789|56789|56789","wayId":"69","jsId":0,"totalMoney":250,"rebate":"0.000000","moneyUnitData":"2元"}],"gameId":1,"isTrace":0,"orders":{"180923062":1},"traceWinStop":1,"gameNameCn":"重庆时时彩"}
=====================
2018-09-23 16:12:14
user_id:1==>data:{"amount":"500.0000","balls":[{"ball":"01234|01234|01234","position":[["0","1","2","3","4"],["0","1","2","3","4"],["0","1","2","3","4"]],"extra":{},"moneyunit":"1.000","multiple":"1","num":125,"onePrice":2,"prizeGroup":"1950","type":"housan.zhixuan.fushi","typeCN":"后三,直选,直选复式","viewBalls":"01234|01234|01234","wayId":"69","jsId":1,"totalMoney":250,"rebate":"0.000000","moneyUnitData":"2元"},{"ball":"56789|56789|56789","position":[["5","6","7","8","9"],["5","6","7","8","9"],["5","6","7","8","9"]],"extra":{},"moneyunit":"1.000","multiple":"1","num":125,"onePrice":2,"prizeGroup":"1950","type":"housan.zhixuan.fushi","typeCN":"后三,直选,直选复式","viewBalls":"56789|56789|56789","wayId":"69","jsId":0,"totalMoney":250,"rebate":"0.000000","moneyUnitData":"2元"}],"gameId":1,"isTrace":0,"orders":{"180923062":1},"traceWinStop":1,"gameNameCn":"重庆时时彩"}
=====================
2018-09-23 16:13:02
user_id:1==>data:{"amount":"18.0000","balls":[{"ball":"9|9|9","position":[["9"],["9"],["9"]],"extra":{},"moneyunit":"1.000","multiple":"1","num":1,"onePrice":2,"prizeGroup":"1950","type":"housan.zhixuan.fushi","typeCN":"后三,直选,直选复式","viewBalls":"9|9|9","wayId":"69","jsId":1,"totalMoney":2,"rebate":"0.000000","moneyUnitData":"2元"},{"ball":"78|78|78","position":[["7","8"],["7","8"],["7","8"]],"extra":{},"moneyunit":"1.000","multiple":"1","num":8,"onePrice":2,"prizeGroup":"1950","type":"housan.zhixuan.fushi","typeCN":"后三,直选,直选复式","viewBalls":"78|78|78","wayId":"69","jsId":0,"totalMoney":16,"rebate":"0.000000","moneyUnitData":"2元"}],"gameId":1,"isTrace":0,"orders":{"180923062":1},"traceWinStop":1,"gameNameCn":"重庆时时彩"}
=====================
2018-09-23 16:14:16
user_id:1==>data:{"amount":"300.0000","balls":[{"ball":"01234|01234|9","position":[["0","1","2","3","4"],["0","1","2","3","4"],["9"]],"extra":{},"moneyunit":"1.000","multiple":"1","num":25,"onePrice":2,"prizeGroup":"1950","type":"housan.zhixuan.fushi","typeCN":"后三,直选,直选复式","viewBalls":"01234|01234|9","wayId":"69","jsId":4,"totalMoney":50,"rebate":"0.000000","moneyUnitData":"2元"},{"ball":"56789|56789|56789","position":[["5","6","7","8","9"],["5","6","7","8","9"],["5","6","7","8","9"]],"extra":{},"moneyunit":"1.000","multiple":"1","num":125,"onePrice":2,"prizeGroup":"1950","type":"housan.zhixuan.fushi","typeCN":"后三,直选,直选复式","viewBalls":"56789|56789|56789","wayId":"69","jsId":3,"totalMoney":250,"rebate":"0.000000","moneyUnitData":"2元"}],"gameId":1,"isTrace":0,"orders":{"180923062":1},"traceWinStop":1,"gameNameCn":"重庆时时彩"}
=====================
2018-09-23 16:28:56
user_id:1==>data:{"amount":"252.0000","balls":[{"ball":"9|9|9","position":[["9"],["9"],["9"]],"extra":{},"moneyunit":"1.000","multiple":"1","num":1,"onePrice":2,"prizeGroup":"1950","type":"housan.zhixuan.fushi","typeCN":"后三,直选,直选复式","viewBalls":"9|9|9","wayId":"69","jsId":1,"totalMoney":2,"rebate":"0.000000","moneyUnitData":"2元"},{"ball":"13579|13579|13579","position":[["1","3","5","7","9"],["1","3","5","7","9"],["1","3","5","7","9"]],"extra":{},"moneyunit":"1.000","multiple":"1","num":125,"onePrice":2,"prizeGroup":"1950","type":"housan.zhixuan.fushi","typeCN":"后三,直选,直选复式","viewBalls":"13579|13579|13579","wayId":"69","jsId":0,"totalMoney":250,"rebate":"0.000000","moneyUnitData":"2元"}],"gameId":1,"isTrace":0,"orders":{"180923063":1},"traceWinStop":1,"gameNameCn":"重庆时时彩"}
=====================
2018-09-23 16:29:35
user_id:1==>data:{"amount":"4.0000","balls":[{"ball":"8|8|8","position":[["8"],["8"],["8"]],"extra":{},"moneyunit":"1.000","multiple":"1","num":1,"onePrice":2,"prizeGroup":"1950","type":"housan.zhixuan.fushi","typeCN":"后三,直选,直选复式","viewBalls":"8|8|8","wayId":"69","jsId":1,"totalMoney":2,"rebate":"0.000000","moneyUnitData":"2元"},{"ball":"9|9|9","position":[["9"],["9"],["9"]],"extra":{},"moneyunit":"1.000","multiple":"1","num":1,"onePrice":2,"prizeGroup":"1950","type":"housan.zhixuan.fushi","typeCN":"后三,直选,直选复式","viewBalls":"9|9|9","wayId":"69","jsId":0,"totalMoney":2,"rebate":"0.000000","moneyUnitData":"2元"}],"gameId":1,"isTrace":0,"orders":{"180923063":1},"traceWinStop":1,"gameNameCn":"重庆时时彩"}
=====================
2018-09-23 16:31:00
user_id:1==>data:{"amount":"4.0000","balls":[{"ball":"7|7|7","position":[["7"],["7"],["7"]],"extra":{},"moneyunit":"1.000","multiple":"1","num":1,"onePrice":2,"prizeGroup":"1950","type":"housan.zhixuan.fushi","typeCN":"后三,直选,直选复式","viewBalls":"7|7|7","wayId":"69","jsId":4,"totalMoney":2,"rebate":"0.000000","moneyUnitData":"2元"},{"ball":"9|9|9","position":[["9"],["9"],["9"]],"extra":{},"moneyunit":"1.000","multiple":"1","num":1,"onePrice":2,"prizeGroup":"1950","type":"housan.zhixuan.fushi","typeCN":"后三,直选,直选复式","viewBalls":"9|9|9","wayId":"69","jsId":3,"totalMoney":2,"rebate":"0.000000","moneyUnitData":"2元"}],"gameId":1,"isTrace":0,"orders":{"180923064":1},"traceWinStop":1,"gameNameCn":"重庆时时彩"}
=====================
2018-09-23 16:33:29
user_id:1==>data:{"amount":"2.0000","balls":[{"ball":"8|8|8","position":[["8"],["8"],["8"]],"extra":{},"moneyunit":"1.000","multiple":"1","num":1,"onePrice":2,"prizeGroup":"1950","type":"housan.zhixuan.fushi","typeCN":"后三,直选,直选复式","viewBalls":"8|8|8","wayId":"69","jsId":0,"totalMoney":2,"rebate":"0.000000"}],"gameId":1,"isTrace":0,"orders":{"180923064":1},"traceWinStop":1,"gameNameCn":"重庆时时彩"}
=====================
2018-09-23 16:34:55
user_id:1==>data:{"amount":"2.0000","balls":[{"ball":"8|8|8","position":[["8"],["8"],["8"]],"extra":{},"moneyunit":"1.000","multiple":"1","num":1,"onePrice":2,"prizeGroup":"1950","type":"housan.zhixuan.fushi","typeCN":"后三,直选,直选复式","viewBalls":"8|8|8","wayId":"69","jsId":1,"totalMoney":2,"rebate":"0.000000"}],"gameId":1,"isTrace":0,"orders":{"180923064":1},"traceWinStop":1,"gameNameCn":"重庆时时彩"}
=====================
2018-09-23 16:36:55
user_id:1==>data:{"amount":"6.0000","balls":[{"ball":"9|9|89","position":[["9"],["9"],["8","9"]],"extra":{},"moneyunit":"1.000","multiple":"1","num":2,"onePrice":2,"prizeGroup":"1950","type":"housan.zhixuan.fushi","typeCN":"后三,直选,直选复式","viewBalls":"9|9|89","wayId":"69","jsId":1,"totalMoney":4,"rebate":"0.000000","moneyUnitData":"2元"},{"ball":"7|7|7","position":[["7"],["7"],["7"]],"extra":{},"moneyunit":"1.000","multiple":"1","num":1,"onePrice":2,"prizeGroup":"1950","type":"housan.zhixuan.fushi","typeCN":"后三,直选,直选复式","viewBalls":"7|7|7","wayId":"69","jsId":0,"totalMoney":2,"rebate":"0.000000","moneyUnitData":"2元"}],"gameId":1,"isTrace":0,"orders":{"180923064":1},"traceWinStop":1,"gameNameCn":"重庆时时彩"}
=====================
2018-09-23 16:39:20
user_id:1==>data:{"amount":"2.0000","balls":[{"ball":"9|9|9","position":[["9"],["9"],["9"]],"extra":{},"moneyunit":"1.000","multiple":"1","num":1,"onePrice":2,"prizeGroup":"1950","type":"housan.zhixuan.fushi","typeCN":"后三,直选,直选复式","viewBalls":"9|9|9","wayId":"69","jsId":0,"totalMoney":2,"rebate":"0.000000"}],"gameId":1,"isTrace":0,"orders":{"180923064":1},"traceWinStop":1,"gameNameCn":"重庆时时彩"}
=====================
2018-09-23 16:39:37
user_id:1==>data:{"amount":"0.0240","balls":[{"ball":"789|89|89","position":[["7","8","9"],["8","9"],["8","9"]],"extra":{},"moneyunit":0.001,"multiple":"1","num":12,"onePrice":2,"prizeGroup":"1950","type":"housan.zhixuan.fushi","typeCN":"后三,直选,直选复式","viewBalls":"789|89|89","wayId":"69","jsId":2,"totalMoney":0.024,"rebate":"0.000000"}],"gameId":1,"isTrace":0,"orders":{"180923064":1},"traceWinStop":1,"gameNameCn":"重庆时时彩"}
=====================
2018-09-23 16:39:45
user_id:1==>data:{"amount":"0.0240","balls":[{"ball":"789|89|89","position":[["7","8","9"],["8","9"],["8","9"]],"extra":{},"moneyunit":0.001,"multiple":"1","num":12,"onePrice":2,"prizeGroup":"1950","type":"housan.zhixuan.fushi","typeCN":"后三,直选,直选复式","viewBalls":"789|89|89","wayId":"69","jsId":3,"totalMoney":0.024,"rebate":"0.000000"}],"gameId":1,"isTrace":0,"orders":{"180923065":1},"traceWinStop":1,"gameNameCn":"重庆时时彩"}
=====================
2018-09-23 16:40:02
user_id:1==>data:{"amount":"0.0240","balls":[{"ball":"89|789|89","position":[["8","9"],["7","8","9"],["8","9"]],"extra":{},"moneyunit":0.001,"multiple":"1","num":12,"onePrice":2,"prizeGroup":"1950","type":"housan.zhixuan.fushi","typeCN":"后三,直选,直选复式","viewBalls":"89|789|89","wayId":"69","jsId":0,"totalMoney":0.024,"rebate":"0.000000"}],"gameId":1,"isTrace":0,"orders":{"180923065":1},"traceWinStop":1,"gameNameCn":"重庆时时彩"}
=====================
2018-09-23 16:40:19
user_id:1==>data:{"amount":"0.0240","balls":[{"ball":"89|89|789","position":[["8","9"],["8","9"],["7","8","9"]],"extra":{},"moneyunit":0.001,"multiple":"1","num":12,"onePrice":2,"prizeGroup":"1950","type":"housan.zhixuan.fushi","typeCN":"后三,直选,直选复式","viewBalls":"89|89|789","wayId":"69","jsId":0,"totalMoney":0.024,"rebate":"0.000000"}],"gameId":3,"isTrace":0,"orders":{"0277197":1},"traceWinStop":1,"gameNameCn":"黑龙江时时彩"}
=====================
2018-09-23 16:41:30
user_id:1==>data:{"amount":"0.0240","balls":[{"ball":"89|89|789","position":[["8","9"],["8","9"],["7","8","9"]],"extra":{},"moneyunit":0.001,"multiple":"1","num":12,"onePrice":2,"prizeGroup":"1950","type":"housan.zhixuan.fushi","typeCN":"后三,直选,直选复式","viewBalls":"89|89|789","wayId":"69","jsId":1,"totalMoney":0.024,"rebate":"0.000000"}],"gameId":3,"isTrace":0,"orders":{"0277197":1},"traceWinStop":1,"gameNameCn":"黑龙江时时彩"}
=====================
2018-09-23 16:43:25
user_id:17==>data:{"amount":"10.0000","balls":[{"ball":"8|9|9|9|9","position":[["8"],["9"],["9"],["9"],["9"]],"extra":{},"moneyunit":"1.000","multiple":"1","num":5,"onePrice":2,"prizeGroup":"1950","type":"yixing.dingweidan.fushi","typeCN":"一星,定位胆,定位胆","viewBalls":"8|9|9|9|9","wayId":"78","jsId":3,"totalMoney":10,"rebate":"0.050000"}],"gameId":1,"isTrace":0,"orders":{"180923065":1},"traceWinStop":1,"gameNameCn":"重庆时时彩"}
=====================
2018-09-23 16:44:09
user_id:1==>data:{"amount":"0.0360","balls":[{"ball":"789|789|79","position":[["7","8","9"],["7","8","9"],["7","9"]],"extra":{},"moneyunit":0.001,"multiple":"1","num":18,"onePrice":2,"prizeGroup":"1950","type":"housan.zhixuan.fushi","typeCN":"后三,直选,直选复式","viewBalls":"789|789|79","wayId":"69","jsId":0,"totalMoney":0.036000000000000004,"rebate":"0.000000"}],"gameId":3,"isTrace":0,"orders":{"0277197":1},"traceWinStop":1,"gameNameCn":"黑龙江时时彩"}
=====================
2018-09-23 16:45:55
user_id:1==>data:{"amount":"0.0240","balls":[{"ball":"89|89|789","position":[["8","9"],["8","9"],["7","8","9"]],"extra":{},"moneyunit":0.001,"multiple":"1","num":12,"onePrice":2,"prizeGroup":"1950","type":"housan.zhixuan.fushi","typeCN":"后三,直选,直选复式","viewBalls":"89|89|789","wayId":"69","jsId":0,"totalMoney":0.024,"rebate":"0.000000"}],"gameId":1,"isTrace":0,"orders":{"180923065":1},"traceWinStop":1,"gameNameCn":"重庆时时彩"}
=====================
2018-09-23 18:24:30
user_id:17==>data:{"amount":"2.0000","balls":[{"ball":"12","position":[["11"]],"extra":{},"moneyunit":"1.000","multiple":"1","num":1,"onePrice":2,"prizeGroup":"1950","type":"renxuanfushi.renxuanfushi.rx1","typeCN":"任选复式,任选复式,任选一","viewBalls":"12","wayId":"409","jsId":0,"totalMoney":2,"rebate":"0.000000"}],"gameId":39,"isTrace":0,"orders":{"20180923057":1},"traceWinStop":1,"gameNameCn":"SCKL12"}
=====================
2018-09-23 18:28:37
user_id:17==>data:{"amount":"2.0000","balls":[{"ball":"12","position":[["11"]],"extra":{},"moneyunit":"1.000","multiple":"1","num":1,"onePrice":2,"prizeGroup":"1950","type":"renxuanfushi.renxuanfushi.rx1","typeCN":"任选复式,任选复式,任选一","viewBalls":"12","wayId":"409","jsId":0,"totalMoney":2,"rebate":"0.000000"}],"gameId":39,"isTrace":0,"orders":{"20180923057":1},"traceWinStop":1,"gameNameCn":"SCKL12"}
=====================
2018-09-23 18:30:34
user_id:17==>data:{"amount":"2.0000","balls":[{"ball":"12","position":[["11"]],"extra":{},"moneyunit":"1.000","multiple":"1","num":1,"onePrice":2,"prizeGroup":"1950","type":"renxuanfushi.renxuanfushi.rx1","typeCN":"任选复式,任选复式,任选一","viewBalls":"12","wayId":"409","jsId":0,"totalMoney":2,"rebate":"0.000000"}],"gameId":39,"isTrace":0,"orders":{"20180923057":1},"traceWinStop":1,"gameNameCn":"SCKL12"}
=====================
