2018-09-30 14:34:04
user_id:17==>data:{"amount":"1980.0000","balls":[{"ball":"01 02 03 04 05 06 07 08 09 10 11|01 02 03 04 05 06 07 08 09 10 11|01 02 03 04 05 06 07 08 09 10 11","position":[["0","1","2","3","4","5","6","7","8","9","10"],["0","1","2","3","4","5","6","7","8","9","10"],["0","1","2","3","4","5","6","7","8","9","10"]],"extra":{},"moneyunit":"1.000","multiple":"1","num":990,"onePrice":2,"prizeGroup":"1950","type":"sanma.zhixuan.fushi","typeCN":"三码,直选,前三直选复式","viewBalls":"01 02 03 04 05 06 07 08 09 10 11|01 02 03 04 05 06 07 08 09 10 11|01 02 03 04 05 06 07 08 09 10 11","wayId":"112","jsId":1,"totalMoney":1980,"rebate":"0.000000"}],"gameId":32,"isTrace":0,"orders":{"2018093038":1},"traceWinStop":1,"gameNameCn":"山西11选5"}
=====================
2018-09-30 14:37:52
user_id:17==>data:{"amount":"1980.0000","balls":[{"ball":"01 02 03 04 05 06 07 08 09 10 11|01 02 03 04 05 06 07 08 09 10 11|01 02 03 04 05 06 07 08 09 10 11","position":[["0","1","2","3","4","5","6","7","8","9","10"],["0","1","2","3","4","5","6","7","8","9","10"],["0","1","2","3","4","5","6","7","8","9","10"]],"extra":{},"moneyunit":"1.000","multiple":"1","num":990,"onePrice":2,"prizeGroup":"1950","type":"sanma.zhixuan.fushi","typeCN":"三码,直选,前三直选复式","viewBalls":"01 02 03 04 05 06 07 08 09 10 11|01 02 03 04 05 06 07 08 09 10 11|01 02 03 04 05 06 07 08 09 10 11","wayId":"112","jsId":0,"totalMoney":1980,"rebate":"0.000000"}],"gameId":9,"isTrace":0,"orders":{"18093034":1},"traceWinStop":1,"gameNameCn":"广东11选5"}
=====================
2018-09-30 14:49:55
user_id:17==>data:{"amount":"1980.0000","balls":[{"ball":"01 02 03 04 05 06 07 08 09 10 11|01 02 03 04 05 06 07 08 09 10 11|01 02 03 04 05 06 07 08 09 10 11","position":[["0","1","2","3","4","5","6","7","8","9","10"],["0","1","2","3","4","5","6","7","8","9","10"],["0","1","2","3","4","5","6","7","8","9","10"]],"extra":{},"moneyunit":"1.000","multiple":"1","num":990,"onePrice":2,"prizeGroup":"1950","type":"sanma.zhixuan.fushi","typeCN":"三码,直选,前三直选复式","viewBalls":"01 02 03 04 05 06 07 08 09 10 11|01 02 03 04 05 06 07 08 09 10 11|01 02 03 04 05 06 07 08 09 10 11","wayId":"112","jsId":0,"totalMoney":1980,"rebate":"0.000000"}],"gameId":9,"isTrace":0,"orders":{"18093034":1},"traceWinStop":1,"gameNameCn":"广东11选5"}
=====================
2018-09-30 14:58:06
user_id:17==>data:{"amount":"27810.0000","balls":[{"ball":"7|11|12","position":[["4","8","9"]],"extra":{},"moneyunit":"1.000","multiple":1,"num":3,"onePrice":2,"prizeGroup":"1950","type":"hz.hz.fs","typeCN":"和值,和值,和值","viewBalls":"7|11|12","wayId":"157","jsId":0,"totalMoney":6,"rebate":"0.000000","moneyUnitData":"2元"}],"gameId":30,"isTrace":1,"orders":{"20180930039":"1","20180930040":"2","20180930041":"5","20180930042":"12","20180930043":"30","20180930044":"74","20180930045":"183","20180930046":"452","20180930047":"1117","20180930048":"2759"},"traceWinStop":1,"gameNameCn":"安徽快三","traceTimes":10}
=====================
2018-09-30 14:59:45
user_id:17==>data:{"amount":"27810.0000","balls":[{"ball":"7|11|12","position":[["4","8","9"]],"extra":{},"moneyunit":"1.000","multiple":1,"num":3,"onePrice":2,"prizeGroup":"1950","type":"hz.hz.fs","typeCN":"和值,和值,和值","viewBalls":"7|11|12","wayId":"157","jsId":0,"totalMoney":6,"rebate":"0.000000","moneyUnitData":"2元"}],"gameId":15,"isTrace":1,"orders":{"20180930041":"1","20180930042":"2","20180930043":"5","20180930044":"12","20180930045":"30","20180930046":"74","20180930047":"183","20180930048":"452","20180930049":"1117","20180930050":"2759"},"traceWinStop":1,"gameNameCn":"江苏快三","traceTimes":10}
=====================
2018-09-30 15:17:55
user_id:17==>data:{"amount":"27810.0000","balls":[{"ball":"7|11|12","position":[["4","8","9"]],"extra":{},"moneyunit":"1.000","multiple":1,"num":3,"onePrice":2,"prizeGroup":"1950","type":"hz.hz.fs","typeCN":"和值,和值,和值","viewBalls":"7|11|12","wayId":"157","jsId":0,"totalMoney":6,"rebate":"0.000000","moneyUnitData":"2元"}],"gameId":15,"isTrace":1,"orders":{"20180930041":"1","20180930042":"2","20180930043":"5","20180930044":"12","20180930045":"30","20180930046":"74","20180930047":"183","20180930048":"452","20180930049":"1117","20180930050":"2759"},"traceWinStop":1,"gameNameCn":"江苏快三","traceTimes":10}
=====================
2018-09-30 15:24:00
user_id:17==>data:{"amount":"27810.0000","balls":[{"ball":"7|11|12","position":[["4","8","9"]],"extra":{},"moneyunit":"1.000","multiple":1,"num":3,"onePrice":2,"prizeGroup":"1950","type":"hz.hz.fs","typeCN":"和值,和值,和值","viewBalls":"7|11|12","wayId":"157","jsId":0,"totalMoney":6,"rebate":"0.000000","moneyUnitData":"2元"}],"gameId":15,"isTrace":1,"orders":{"20180930041":"1","20180930042":"2","20180930043":"5","20180930044":"12","20180930045":"30","20180930046":"74","20180930047":"183","20180930048":"452","20180930049":"1117","20180930050":"2759"},"traceWinStop":1,"gameNameCn":"江苏快三","traceTimes":10}
=====================
2018-09-30 15:30:31
user_id:17==>data:{"amount":"27810.0000","balls":[{"ball":"7|11|12","position":[["4","8","9"]],"extra":{},"moneyunit":"1.000","multiple":1,"num":3,"onePrice":2,"prizeGroup":"1950","type":"hz.hz.fs","typeCN":"和值,和值,和值","viewBalls":"7|11|12","wayId":"157","jsId":0,"totalMoney":6,"rebate":"0.000000","moneyUnitData":"2元"}],"gameId":15,"isTrace":1,"orders":{"20180930041":"1","20180930042":"2","20180930043":"5","20180930044":"12","20180930045":"30","20180930046":"74","20180930047":"183","20180930048":"452","20180930049":"1117","20180930050":"2759"},"traceWinStop":1,"gameNameCn":"江苏快三","traceTimes":10}
=====================
