2018-10-11 15:47:51
user_id:17==>data:{"amount":"12.0000","balls":[{"ball":"5 4 3 2 1 0","position":[["0","1","2","3","4","5"]],"extra":{},"moneyunit":"1.000","multiple":"1","num":6,"onePrice":2,"prizeGroup":"1950","type":"quweixing.quweixing.dingdanshuang","typeCN":"趣味型,趣味型,定单双","viewBalls":"5单0双 4单1双 3单2双 2单3双 1单4双 0单5双","wayId":"109","jsId":0,"totalMoney":12,"rebate":"0.000000"}],"gameId":2,"isTrace":0,"orders":{"18100460":1},"traceWinStop":1,"gameNameCn":"山东11选5"}
=====================
2018-10-11 15:49:14
user_id:17==>data:{"amount":"12.0000","balls":[{"ball":"5 4 3 2 1 0","position":[["0","1","2","3","4","5"]],"extra":{},"moneyunit":"1.000","multiple":"1","num":6,"onePrice":2,"prizeGroup":"1950","type":"quweixing.quweixing.dingdanshuang","typeCN":"趣味型,趣味型,定单双","viewBalls":"5单0双 4单1双 3单2双 2单3双 1单4双 0单5双","wayId":"109","jsId":0,"totalMoney":12,"rebate":"0.000000"}],"gameId":2,"isTrace":0,"orders":{"18100460":1},"traceWinStop":1,"gameNameCn":"山东11选5"}
=====================
2018-10-11 17:30:07
user_id:1==>data:{"amount":"2.0000","balls":[{"ball":"8|8|8","position":[["8"],["8"],["8"]],"extra":{},"moneyunit":"0.100","multiple":1,"num":1,"onePrice":2,"prizeGroup":"1950","type":"housan.zhixuan.fushi","typeCN":"后三,直选,直选复式","viewBalls":"8|8|8","wayId":"69","jsId":1,"totalMoney":0.2,"rebate":"0.000000","moneyUnitData":"2角"},{"ball":"9|9|9","position":[["9"],["9"],["9"]],"extra":{},"moneyunit":"1.000","multiple":1,"num":1,"onePrice":2,"prizeGroup":"1950","type":"housan.zhixuan.fushi","typeCN":"后三,直选,直选复式","viewBalls":"9|9|9","wayId":"69","jsId":0,"totalMoney":2,"rebate":"0.000000","moneyUnitData":"2元"}],"gameId":1,"isTrace":1,"orders":{"181011070":"1","181011071":"1","181011072":"1","181011073":"1","181011074":"1"},"traceWinStop":1,"gameNameCn":"重庆时时彩","traceTimes":5}
=====================
2018-10-11 17:33:29
user_id:1==>data:{"amount":"10.0000","balls":[{"ball":"8|8|8","position":[["8"],["8"],["8"]],"extra":{},"moneyunit":"0.500","multiple":1,"num":1,"onePrice":2,"prizeGroup":"1950","type":"housan.zhixuan.fushi","typeCN":"后三,直选,直选复式","viewBalls":"8|8|8","wayId":"69","jsId":1,"totalMoney":1,"rebate":"0.000000","moneyUnitData":"1元"},{"ball":"9|9|9","position":[["9"],["9"],["9"]],"extra":{},"moneyunit":"1.000","multiple":1,"num":1,"onePrice":2,"prizeGroup":"1950","type":"housan.zhixuan.fushi","typeCN":"后三,直选,直选复式","viewBalls":"9|9|9","wayId":"69","jsId":0,"totalMoney":2,"rebate":"0.000000","moneyUnitData":"2元"}],"gameId":1,"isTrace":1,"orders":{"181011070":"1","181011071":"1","181011072":"1","181011073":"1","181011074":"1"},"traceWinStop":1,"gameNameCn":"重庆时时彩","traceTimes":5}
=====================
2018-10-11 17:45:18
user_id:1==>data:{"amount":"10.0000","balls":[{"ball":"7|7|7","position":[["7"],["7"],["7"]],"extra":{},"moneyunit":"0.500","multiple":1,"num":1,"onePrice":2,"prizeGroup":"1950","type":"housan.zhixuan.fushi","typeCN":"后三,直选,直选复式","viewBalls":"7|7|7","wayId":"69","jsId":1,"totalMoney":1,"rebate":"0.000000","moneyUnitData":"1元"},{"ball":"9|9|9","position":[["9"],["9"],["9"]],"extra":{},"moneyunit":"1.000","multiple":1,"num":1,"onePrice":2,"prizeGroup":"1950","type":"housan.zhixuan.fushi","typeCN":"后三,直选,直选复式","viewBalls":"9|9|9","wayId":"69","jsId":0,"totalMoney":2,"rebate":"0.000000","moneyUnitData":"2元"}],"gameId":1,"isTrace":1,"orders":{"181011071":"1","181011072":"1","181011073":"1","181011074":"1","181011075":"1"},"traceWinStop":1,"gameNameCn":"重庆时时彩","traceTimes":5}
=====================
2018-10-11 17:47:43
user_id:1==>data:{"amount":"10.0000","balls":[{"ball":"7|7|7","position":[["7"],["7"],["7"]],"extra":{},"moneyunit":"0.500","multiple":1,"num":1,"onePrice":2,"prizeGroup":"1950","type":"housan.zhixuan.fushi","typeCN":"后三,直选,直选复式","viewBalls":"7|7|7","wayId":"69","jsId":1,"totalMoney":1,"rebate":"0.000000","moneyUnitData":"1元"},{"ball":"9|9|9","position":[["9"],["9"],["9"]],"extra":{},"moneyunit":"1.000","multiple":1,"num":1,"onePrice":2,"prizeGroup":"1950","type":"housan.zhixuan.fushi","typeCN":"后三,直选,直选复式","viewBalls":"9|9|9","wayId":"69","jsId":0,"totalMoney":2,"rebate":"0.000000","moneyUnitData":"2元"}],"gameId":1,"isTrace":1,"orders":{"181011071":"1","181011072":"1","181011073":"1","181011074":"1","181011075":"1"},"traceWinStop":1,"gameNameCn":"重庆时时彩","traceTimes":5}
=====================
2018-10-11 17:48:05
user_id:1==>data:{"amount":"2.0000","balls":[{"ball":"9|9|9","position":[["9"],["9"],["9"]],"extra":{},"moneyunit":"1.000","multiple":"1","num":1,"onePrice":2,"prizeGroup":"1950","type":"housan.zhixuan.fushi","typeCN":"后三,直选,直选复式","viewBalls":"9|9|9","wayId":"69","jsId":1,"totalMoney":2,"rebate":"0.000000"}],"gameId":1,"isTrace":0,"orders":{"181011071":1},"traceWinStop":1,"gameNameCn":"重庆时时彩"}
=====================
2018-10-11 17:48:15
user_id:1==>data:{"amount":"10.0000","balls":[{"ball":"9|9|9","position":[["9"],["9"],["9"]],"extra":{},"moneyunit":"1.000","multiple":1,"num":1,"onePrice":2,"prizeGroup":"1950","type":"housan.zhixuan.fushi","typeCN":"后三,直选,直选复式","viewBalls":"9|9|9","wayId":"69","jsId":2,"totalMoney":2,"rebate":"0.000000","moneyUnitData":"2元"}],"gameId":1,"isTrace":1,"orders":{"181011071":"1","181011072":"1","181011073":"1","181011074":"1","181011075":"1"},"traceWinStop":1,"gameNameCn":"重庆时时彩","traceTimes":5}
=====================
2018-10-11 17:49:20
user_id:1==>data:{"amount":"10.0000","balls":[{"ball":"9|9|9","position":[["9"],["9"],["9"]],"extra":{},"moneyunit":"1.000","multiple":1,"num":1,"onePrice":2,"prizeGroup":"1950","type":"housan.zhixuan.fushi","typeCN":"后三,直选,直选复式","viewBalls":"9|9|9","wayId":"69","jsId":4,"totalMoney":4,"rebate":"0.000000","moneyUnitData":"2元"}],"gameId":1,"isTrace":1,"orders":{"181011071":"1","181011072":"1","181011073":"1","181011074":"1","181011075":"1"},"traceWinStop":1,"gameNameCn":"重庆时时彩","traceTimes":5}
=====================
