2018-10-04 10:22:39
user_id:17==>data:{"amount":"8.0000","balls":[{"ball":"1032","position":[["0","1","2","3"]],"extra":{},"moneyunit":"1.000","multiple":"1","num":4,"onePrice":2,"prizeGroup":"1950","type":"hezhi.hezhi.dxds","typeCN":"冠亚和值,冠亚和值,大小单双","viewBalls":"大小单双","wayId":"176","jsId":2,"totalMoney":8,"rebate":"0.000000"}],"gameId":10,"isTrace":0,"orders":{"707390":1},"traceWinStop":1,"gameNameCn":"北京PK10"}
=====================
2018-10-04 15:36:33
user_id:17==>data:{"amount":"120.0000","balls":[{"ball":"01 02 03 04 05 06","position":[["0","1","2","3","4","5"]],"extra":{},"moneyunit":"1.000","multiple":"10","num":6,"onePrice":2,"prizeGroup":"1950","type":"renxuanfushi.renxuanfushi.rx1","typeCN":"任选复式,任选复式,任选一","viewBalls":"01 02 03 04 05 06","wayId":"409","jsId":0,"totalMoney":120,"rebate":"0.000000","moneyUnitData":"2元"}],"gameId":39,"isTrace":0,"orders":{"20181004040":1},"traceWinStop":1,"gameNameCn":"四川快乐十二"}
=====================
2018-10-04 16:50:41
user_id:17==>data:{"amount":"20.0000","balls":[{"ball":"2|3|4|5|6","position":[["1","2","3","4","5"]],"extra":{},"moneyunit":"1.000","multiple":"1","num":10,"onePrice":2,"prizeGroup":"1950","type":"ebth.ebth.fs","typeCN":"二不同号,二不同号,二不同号","viewBalls":"2|3|4|5|6","wayId":"163","jsId":2,"totalMoney":20,"rebate":"0.000000"}],"gameId":15,"isTrace":0,"orders":{"20181004051":1},"traceWinStop":1,"gameNameCn":"江苏快三"}
=====================
2018-10-04 18:06:16
user_id:17==>data:{"amount":"12.0000","balls":[{"ball":"5 4 3 2 1 0","position":[["0","1","2","3","4","5"]],"extra":{},"moneyunit":"1.000","multiple":"1","num":6,"onePrice":2,"prizeGroup":"1950","type":"quweixing.quweixing.dingdanshuang","typeCN":"趣味型,趣味型,定单双","viewBalls":"5单0双 4单1双 3单2双 2单3双 1单4双 0单5双","wayId":"109","jsId":0,"totalMoney":12,"rebate":"0.000000"}],"gameId":2,"isTrace":0,"orders":{"18100459":1},"traceWinStop":1,"gameNameCn":"山东11选5"}
=====================
2018-10-04 18:15:11
user_id:17==>data:{"amount":"12.0000","balls":[{"ball":"5 4 3 2 1 0","position":[["0","1","2","3","4","5"]],"extra":{},"moneyunit":"1.000","multiple":"1","num":6,"onePrice":2,"prizeGroup":"1950","type":"quweixing.quweixing.dingdanshuang","typeCN":"趣味型,趣味型,定单双","viewBalls":"5单0双 4单1双 3单2双 2单3双 1单4双 0单5双","wayId":"109","jsId":0,"totalMoney":12,"rebate":"0.000000"}],"gameId":2,"isTrace":0,"orders":{"18100459":1},"traceWinStop":1,"gameNameCn":"山东11选5"}
=====================
2018-10-04 18:16:05
user_id:17==>data:{"amount":"12.0000","balls":[{"ball":"5 4 3 2 1 0","position":[["0","1","2","3","4","5"]],"extra":{},"moneyunit":"1.000","multiple":"1","num":6,"onePrice":2,"prizeGroup":"1950","type":"quweixing.quweixing.dingdanshuang","typeCN":"趣味型,趣味型,定单双","viewBalls":"5单0双 4单1双 3单2双 2单3双 1单4双 0单5双","wayId":"109","jsId":0,"totalMoney":12,"rebate":"0.000000"}],"gameId":2,"isTrace":0,"orders":{"18100460":1},"traceWinStop":1,"gameNameCn":"山东11选5"}
=====================
2018-10-04 18:17:04
user_id:17==>data:{"amount":"12.0000","balls":[{"ball":"5 4 3 2 1 0","position":[["0","1","2","3","4","5"]],"extra":{},"moneyunit":"1.000","multiple":"1","num":6,"onePrice":2,"prizeGroup":"1950","type":"quweixing.quweixing.dingdanshuang","typeCN":"趣味型,趣味型,定单双","viewBalls":"5单0双 4单1双 3单2双 2单3双 1单4双 0单5双","wayId":"109","jsId":0,"totalMoney":12,"rebate":"0.000000"}],"gameId":2,"isTrace":0,"orders":{"18100460":1},"traceWinStop":1,"gameNameCn":"山东11选5"}
=====================
2018-10-04 18:19:54
user_id:17==>data:{"amount":"12.0000","balls":[{"ball":"5 4 3 2 1 0","position":[["0","1","2","3","4","5"]],"extra":{},"moneyunit":"1.000","multiple":"1","num":6,"onePrice":2,"prizeGroup":"1950","type":"quweixing.quweixing.dingdanshuang","typeCN":"趣味型,趣味型,定单双","viewBalls":"5单0双 4单1双 3单2双 2单3双 1单4双 0单5双","wayId":"109","jsId":0,"totalMoney":12,"rebate":"0.000000"}],"gameId":2,"isTrace":0,"orders":{"18100460":1},"traceWinStop":1,"gameNameCn":"山东11选5"}
=====================
2018-10-04 18:28:06
user_id:17==>data:{"amount":"12.0000","balls":[{"ball":"5 4 3 2 1 0","position":[["0","1","2","3","4","5"]],"extra":{},"moneyunit":"1.000","multiple":"1","num":6,"onePrice":2,"prizeGroup":"1950","type":"quweixing.quweixing.dingdanshuang","typeCN":"趣味型,趣味型,定单双","viewBalls":"5单0双 4单1双 3单2双 2单3双 1单4双 0单5双","wayId":"109","jsId":0,"totalMoney":12,"rebate":"0.000000"}],"gameId":2,"isTrace":0,"orders":{"18100460":1},"traceWinStop":1,"gameNameCn":"山东11选5"}
=====================
2018-10-04 18:28:39
user_id:17==>data:{"amount":"12.0000","balls":[{"ball":"5 4 3 2 1 0","position":[["0","1","2","3","4","5"]],"extra":{},"moneyunit":"1.000","multiple":"1","num":6,"onePrice":2,"prizeGroup":"1950","type":"quweixing.quweixing.dingdanshuang","typeCN":"趣味型,趣味型,定单双","viewBalls":"5单0双 4单1双 3单2双 2单3双 1单4双 0单5双","wayId":"109","jsId":0,"totalMoney":12,"rebate":"0.000000"}],"gameId":2,"isTrace":0,"orders":{"18100460":1},"traceWinStop":1,"gameNameCn":"山东11选5"}
=====================
2018-10-04 18:34:22
user_id:17==>data:{"amount":"12.0000","balls":[{"ball":"5 4 3 2 1 0","position":[["0","1","2","3","4","5"]],"extra":{},"moneyunit":"1.000","multiple":"1","num":6,"onePrice":2,"prizeGroup":"1950","type":"quweixing.quweixing.dingdanshuang","typeCN":"趣味型,趣味型,定单双","viewBalls":"5单0双 4单1双 3单2双 2单3双 1单4双 0单5双","wayId":"109","jsId":0,"totalMoney":12,"rebate":"0.000000"}],"gameId":2,"isTrace":0,"orders":{"18100460":1},"traceWinStop":1,"gameNameCn":"山东11选5"}
=====================
