2018-10-03 15:54:54
user_id:17==>data:{"amount":"6.0000","balls":[{"ball":"210","position":[["0","1","2"]],"extra":{},"moneyunit":"1.000","multiple":"1","num":3,"onePrice":2,"prizeGroup":"1950","type":"shangzhongxia.shangzhongxia.fs","typeCN":"上中下,上中下,上中下","viewBalls":"上中下","wayId":"430","jsId":3,"totalMoney":6,"rebate":"0.000000"}],"gameId":37,"isTrace":0,"orders":{"913256":1},"traceWinStop":1,"gameNameCn":"北京快乐8"}
=====================
2018-10-03 15:58:59
user_id:17==>data:{"amount":"6.0000","balls":[{"ball":"210","position":[["0","1","2"]],"extra":{},"moneyunit":"1.000","multiple":"1","num":3,"onePrice":2,"prizeGroup":"1950","type":"shangzhongxia.shangzhongxia.fs","typeCN":"上中下,上中下,上中下","viewBalls":"上中下","wayId":"430","jsId":3,"totalMoney":6,"rebate":"0.000000"}],"gameId":37,"isTrace":0,"orders":{"913256":1},"traceWinStop":1,"gameNameCn":"北京快乐8"}
=====================
2018-10-03 15:59:57
user_id:17==>data:{"amount":"6.0000","balls":[{"ball":"210","position":[["0","1","2"]],"extra":{},"moneyunit":"1.000","multiple":"1","num":3,"onePrice":2,"prizeGroup":"1950","type":"shangzhongxia.shangzhongxia.fs","typeCN":"上中下,上中下,上中下","viewBalls":"上中下","wayId":"430","jsId":8,"totalMoney":6,"rebate":"0.000000"}],"gameId":37,"isTrace":0,"orders":{"913258":1},"traceWinStop":1,"gameNameCn":"北京快乐8"}
=====================
2018-10-03 16:00:30
user_id:17==>data:{"amount":"6.0000","balls":[{"ball":"210","position":[["0","1","2"]],"extra":{},"moneyunit":"1.000","multiple":"1","num":3,"onePrice":2,"prizeGroup":"1950","type":"shangzhongxia.shangzhongxia.fs","typeCN":"上中下,上中下,上中下","viewBalls":"上中下","wayId":"430","jsId":8,"totalMoney":6,"rebate":"0.000000"}],"gameId":37,"isTrace":0,"orders":{"913258":1},"traceWinStop":1,"gameNameCn":"北京快乐8"}
=====================
2018-10-03 16:04:42
user_id:17==>data:{"amount":"6.0000","balls":[{"ball":"210","position":[["0","1","2"]],"extra":{},"moneyunit":"1.000","multiple":"1","num":3,"onePrice":2,"prizeGroup":"1950","type":"shangzhongxia.shangzhongxia.fs","typeCN":"上中下,上中下,上中下","viewBalls":"上中下","wayId":"430","jsId":8,"totalMoney":6,"rebate":"0.000000"}],"gameId":37,"isTrace":0,"orders":{"913258":1},"traceWinStop":1,"gameNameCn":"北京快乐8"}
=====================
2018-10-03 16:07:39
user_id:17==>data:{"amount":"6.0000","balls":[{"ball":"210","position":[["0","1","2"]],"extra":{},"moneyunit":"1.000","multiple":"1","num":3,"onePrice":2,"prizeGroup":"1950","type":"shangzhongxia.shangzhongxia.fs","typeCN":"上中下,上中下,上中下","viewBalls":"上中下","wayId":"430","jsId":0,"totalMoney":6,"rebate":"0.000000"}],"gameId":37,"isTrace":0,"orders":{"913259":1},"traceWinStop":1,"gameNameCn":"北京快乐8"}
=====================
2018-10-03 16:08:58
user_id:17==>data:{"amount":"6.0000","balls":[{"ball":"210","position":[["0","1","2"]],"extra":{},"moneyunit":"1.000","multiple":"1","num":3,"onePrice":2,"prizeGroup":"1950","type":"shangzhongxia.shangzhongxia.fs","typeCN":"上中下,上中下,上中下","viewBalls":"上中下","wayId":"430","jsId":0,"totalMoney":6,"rebate":"0.000000"}],"gameId":37,"isTrace":0,"orders":{"913259":1},"traceWinStop":1,"gameNameCn":"北京快乐8"}
=====================
2018-10-03 16:13:38
user_id:17==>data:{"amount":"6.0000","balls":[{"ball":"210","position":[["0","1","2"]],"extra":{},"moneyunit":"1.000","multiple":"1","num":3,"onePrice":2,"prizeGroup":"1950","type":"shangzhongxia.shangzhongxia.fs","typeCN":"上中下,上中下,上中下","viewBalls":"上中下","wayId":"430","jsId":0,"totalMoney":6,"rebate":"0.000000"}],"gameId":37,"isTrace":0,"orders":{"913259":1},"traceWinStop":1,"gameNameCn":"北京快乐8"}
=====================
2018-10-03 16:20:37
user_id:17==>data:{"amount":"6.0000","balls":[{"ball":"210","position":[["0","1","2"]],"extra":{},"moneyunit":"1.000","multiple":"1","num":3,"onePrice":2,"prizeGroup":"1950","type":"shangzhongxia.shangzhongxia.fs","typeCN":"上中下,上中下,上中下","viewBalls":"上中下","wayId":"430","jsId":0,"totalMoney":6,"rebate":"0.000000"}],"gameId":37,"isTrace":0,"orders":{"913259":1},"traceWinStop":1,"gameNameCn":"北京快乐8"}
=====================
2018-10-03 16:21:36
user_id:17==>data:{"amount":"240.0000","balls":[{"ball":"03 09 10 11 12 14 40 58 69 75","position":[["2","8","9","10","11","13","39"],["17","28","34"]],"extra":{},"moneyunit":"1.000","multiple":"1","num":120,"onePrice":2,"prizeGroup":"1950","type":"renxuan3.renxuan3.fs","typeCN":"任选三,任选三,复式","viewBalls":"03 09 10 11 12 14 40 58 69 75","wayId":"402","jsId":2,"totalMoney":240,"rebate":"0.000000"}],"gameId":37,"isTrace":0,"orders":{"913262":1},"traceWinStop":1,"gameNameCn":"北京快乐8"}
=====================
2018-10-03 16:25:01
user_id:17==>data:{"amount":"240.0000","balls":[{"ball":"03 09 10 11 12 14 40 58 69 75","position":[["2","8","9","10","11","13","39"],["17","28","34"]],"extra":{},"moneyunit":"1.000","multiple":"1","num":120,"onePrice":2,"prizeGroup":"1950","type":"renxuan3.renxuan3.fs","typeCN":"任选三,任选三,复式","viewBalls":"03 09 10 11 12 14 40 58 69 75","wayId":"402","jsId":2,"totalMoney":240,"rebate":"0.000000"}],"gameId":37,"isTrace":0,"orders":{"913262":1},"traceWinStop":1,"gameNameCn":"北京快乐8"}
=====================
2018-10-03 16:38:10
user_id:17==>data:{"amount":"4.0000","balls":[{"ball":"12","position":[["1","2"]],"extra":{},"moneyunit":"1.000","multiple":"1","num":2,"onePrice":2,"prizeGroup":"1950","type":"housan.qita.teshuhaoma","typeCN":"后三,其它,特殊号码","viewBalls":"顺子|对子","wayId":"57","jsId":3,"totalMoney":4,"rebate":"0.000000"}],"gameId":12,"isTrace":0,"orders":{"2018269":1},"traceWinStop":1,"gameNameCn":"排列三/五"}
=====================
2018-10-03 16:51:32
user_id:17==>data:{"amount":"8.0000","balls":[{"ball":"1032","position":[["0","1","2","3"]],"extra":{},"moneyunit":"1.000","multiple":"1","num":4,"onePrice":2,"prizeGroup":"1950","type":"hezhi.hezhi.dxds","typeCN":"冠亚和值,冠亚和值,大小单双","viewBalls":"大小单双","wayId":"176","jsId":2,"totalMoney":8,"rebate":"0.000000"}],"gameId":10,"isTrace":0,"orders":{"707289":1},"traceWinStop":1,"gameNameCn":"北京PK10"}
=====================
2018-10-03 16:53:27
user_id:17==>data:{"amount":"8.0000","balls":[{"ball":"1032","position":[["0","1","2","3"]],"extra":{},"moneyunit":"1.000","multiple":"1","num":4,"onePrice":2,"prizeGroup":"1950","type":"hezhi.hezhi.dxds","typeCN":"冠亚和值,冠亚和值,大小单双","viewBalls":"大小单双","wayId":"176","jsId":2,"totalMoney":8,"rebate":"0.000000"}],"gameId":10,"isTrace":0,"orders":{"707289":1},"traceWinStop":1,"gameNameCn":"北京PK10"}
=====================
2018-10-03 16:53:29
user_id:17==>data:{"amount":"8.0000","balls":[{"ball":"1032","position":[["0","1","2","3"]],"extra":{},"moneyunit":"1.000","multiple":"1","num":4,"onePrice":2,"prizeGroup":"1950","type":"hezhi.hezhi.dxds","typeCN":"冠亚和值,冠亚和值,大小单双","viewBalls":"大小单双","wayId":"176","jsId":2,"totalMoney":8,"rebate":"0.000000"}],"gameId":10,"isTrace":0,"orders":{"707289":1},"traceWinStop":1,"gameNameCn":"北京PK10"}
=====================
2018-10-03 16:57:33
user_id:17==>data:{"amount":"8.0000","balls":[{"ball":"1032","position":[["0","1","2","3"]],"extra":{},"moneyunit":"1.000","multiple":"1","num":4,"onePrice":2,"prizeGroup":"1950","type":"hezhi.hezhi.dxds","typeCN":"冠亚和值,冠亚和值,大小单双","viewBalls":"大小单双","wayId":"176","jsId":2,"totalMoney":8,"rebate":"0.000000"}],"gameId":10,"isTrace":0,"orders":{"707289":1},"traceWinStop":1,"gameNameCn":"北京PK10"}
=====================
2018-10-03 17:06:11
user_id:17==>data:{"amount":"4.0000","balls":[{"ball":"12","position":[["1","2"]],"extra":{},"moneyunit":"1.000","multiple":"1","num":2,"onePrice":2,"prizeGroup":"1950","type":"housan.qita.teshuhaoma","typeCN":"后三,其它,特殊号码","viewBalls":"顺子|对子","wayId":"57","jsId":0,"totalMoney":4,"rebate":"0.000000"}],"gameId":1,"isTrace":0,"orders":{"181003067":1},"traceWinStop":1,"gameNameCn":"重庆时时彩"}
=====================
2018-10-03 17:10:14
user_id:17==>data:{"amount":"4.0000","balls":[{"ball":"12","position":[["1","2"]],"extra":{},"moneyunit":"1.000","multiple":"1","num":2,"onePrice":2,"prizeGroup":"1950","type":"housan.qita.teshuhaoma","typeCN":"后三,其它,特殊号码","viewBalls":"顺子|对子","wayId":"57","jsId":0,"totalMoney":4,"rebate":"0.000000"}],"gameId":1,"isTrace":0,"orders":{"181003067":1},"traceWinStop":1,"gameNameCn":"重庆时时彩"}
=====================
2018-10-03 17:15:48
user_id:17==>data:{"amount":"4.0000","balls":[{"ball":"12","position":[["1","2"]],"extra":{},"moneyunit":"1.000","multiple":"1","num":2,"onePrice":2,"prizeGroup":"1950","type":"housan.qita.teshuhaoma","typeCN":"后三,其它,特殊号码","viewBalls":"顺子|对子","wayId":"57","jsId":0,"totalMoney":4,"rebate":"0.000000"}],"gameId":1,"isTrace":0,"orders":{"181003067":1},"traceWinStop":1,"gameNameCn":"重庆时时彩"}
=====================
2018-10-03 17:18:54
user_id:17==>data:{"amount":"4.0000","balls":[{"ball":"12","position":[["1","2"]],"extra":{},"moneyunit":"1.000","multiple":"1","num":2,"onePrice":2,"prizeGroup":"1950","type":"housan.qita.teshuhaoma","typeCN":"后三,其它,特殊号码","viewBalls":"顺子|对子","wayId":"57","jsId":0,"totalMoney":4,"rebate":"0.000000"}],"gameId":1,"isTrace":0,"orders":{"181003067":1},"traceWinStop":1,"gameNameCn":"重庆时时彩"}
=====================
2018-10-03 17:22:01
user_id:17==>data:{"amount":"4.0000","balls":[{"ball":"12","position":[["1","2"]],"extra":{},"moneyunit":"1.000","multiple":"1","num":2,"onePrice":2,"prizeGroup":"1950","type":"housan.qita.teshuhaoma","typeCN":"后三,其它,特殊号码","viewBalls":"顺子|对子","wayId":"57","jsId":0,"totalMoney":4,"rebate":"0.000000"}],"gameId":1,"isTrace":0,"orders":{"181003067":1},"traceWinStop":1,"gameNameCn":"重庆时时彩"}
=====================
2018-10-03 17:24:12
user_id:17==>data:{"amount":"4.0000","balls":[{"ball":"12","position":[["1","2"]],"extra":{},"moneyunit":"1.000","multiple":"1","num":2,"onePrice":2,"prizeGroup":"1950","type":"housan.qita.teshuhaoma","typeCN":"后三,其它,特殊号码","viewBalls":"顺子|对子","wayId":"57","jsId":0,"totalMoney":4,"rebate":"0.000000"}],"gameId":1,"isTrace":0,"orders":{"181003067":1},"traceWinStop":1,"gameNameCn":"重庆时时彩"}
=====================
2018-10-03 17:38:55
user_id:17==>data:{"amount":"4.0000","balls":[{"ball":"12","position":[["1","2"]],"extra":{},"moneyunit":"1.000","multiple":"1","num":2,"onePrice":2,"prizeGroup":"1950","type":"housan.qita.teshuhaoma","typeCN":"后三,其它,特殊号码","viewBalls":"顺子|对子","wayId":"57","jsId":0,"totalMoney":4,"rebate":"0.000000"}],"gameId":1,"isTrace":0,"orders":{"181003067":1},"traceWinStop":1,"gameNameCn":"重庆时时彩"}
=====================
2018-10-03 17:39:28
user_id:17==>data:{"amount":"4.0000","balls":[{"ball":"12","position":[["1","2"]],"extra":{},"moneyunit":"1.000","multiple":"1","num":2,"onePrice":2,"prizeGroup":"1950","type":"housan.qita.teshuhaoma","typeCN":"后三,其它,特殊号码","viewBalls":"顺子|对子","wayId":"57","jsId":0,"totalMoney":4,"rebate":"0.000000"}],"gameId":1,"isTrace":0,"orders":{"181003067":1},"traceWinStop":1,"gameNameCn":"重庆时时彩"}
=====================
2018-10-03 17:41:31
user_id:17==>data:{"amount":"4.0000","balls":[{"ball":"12","position":[["1","2"]],"extra":{},"moneyunit":"1.000","multiple":"1","num":2,"onePrice":2,"prizeGroup":"1950","type":"housan.qita.teshuhaoma","typeCN":"后三,其它,特殊号码","viewBalls":"顺子|对子","wayId":"57","jsId":0,"totalMoney":4,"rebate":"0.000000"}],"gameId":1,"isTrace":0,"orders":{"181003067":1},"traceWinStop":1,"gameNameCn":"重庆时时彩"}
=====================
2018-10-03 17:42:55
user_id:17==>data:{"amount":"4.0000","balls":[{"ball":"12","position":[["1","2"]],"extra":{},"moneyunit":"1.000","multiple":"1","num":2,"onePrice":2,"prizeGroup":"1950","type":"housan.qita.teshuhaoma","typeCN":"后三,其它,特殊号码","viewBalls":"顺子|对子","wayId":"57","jsId":0,"totalMoney":4,"rebate":"0.000000"}],"gameId":1,"isTrace":0,"orders":{"181003067":1},"traceWinStop":1,"gameNameCn":"重庆时时彩"}
=====================
2018-10-03 17:46:16
user_id:17==>data:{"amount":"4.0000","balls":[{"ball":"12","position":[["1","2"]],"extra":{},"moneyunit":"1.000","multiple":"1","num":2,"onePrice":2,"prizeGroup":"1950","type":"housan.qita.teshuhaoma","typeCN":"后三,其它,特殊号码","viewBalls":"顺子|对子","wayId":"57","jsId":0,"totalMoney":4,"rebate":"0.000000"}],"gameId":1,"isTrace":0,"orders":{"181003067":1},"traceWinStop":1,"gameNameCn":"重庆时时彩"}
=====================
2018-10-03 17:48:11
user_id:17==>data:{"amount":"2.0000","balls":[{"ball":"1||||","position":[["0"],[],[],[],[]],"extra":{},"moneyunit":"1.000","multiple":"1","num":1,"onePrice":2,"prizeGroup":"1950","type":"longhu.longhu.longhu","typeCN":"龙虎,龙虎,龙虎","viewBalls":"龙||||","wayId":"178","jsId":0,"totalMoney":2,"rebate":"0.000000"}],"gameId":10,"isTrace":0,"orders":{"707301":1},"traceWinStop":1,"gameNameCn":"北京PK10"}
=====================
2018-10-03 17:53:16
user_id:17==>data:{"amount":"2.0000","balls":[{"ball":"1||||","position":[["0"],[],[],[],[]],"extra":{},"moneyunit":"1.000","multiple":"1","num":1,"onePrice":2,"prizeGroup":"1950","type":"longhu.longhu.longhu","typeCN":"龙虎,龙虎,龙虎","viewBalls":"龙||||","wayId":"178","jsId":0,"totalMoney":2,"rebate":"0.000000"}],"gameId":10,"isTrace":0,"orders":{"707301":1},"traceWinStop":1,"gameNameCn":"北京PK10"}
=====================
2018-10-03 17:54:52
user_id:17==>data:{"amount":"2.0000","balls":[{"ball":"1||||","position":[["0"],[],[],[],[]],"extra":{},"moneyunit":"1.000","multiple":"1","num":1,"onePrice":2,"prizeGroup":"1950","type":"longhu.longhu.longhu","typeCN":"龙虎,龙虎,龙虎","viewBalls":"龙||||","wayId":"178","jsId":0,"totalMoney":2,"rebate":"0.000000"}],"gameId":10,"isTrace":0,"orders":{"707301":1},"traceWinStop":1,"gameNameCn":"北京PK10"}
=====================
2018-10-03 17:58:25
user_id:17==>data:{"amount":"2.0000","balls":[{"ball":"1||||","position":[["0"],[],[],[],[]],"extra":{},"moneyunit":"1.000","multiple":"1","num":1,"onePrice":2,"prizeGroup":"1950","type":"longhu.longhu.longhu","typeCN":"龙虎,龙虎,龙虎","viewBalls":"龙||||","wayId":"178","jsId":0,"totalMoney":2,"rebate":"0.000000"}],"gameId":10,"isTrace":0,"orders":{"707301":1},"traceWinStop":1,"gameNameCn":"北京PK10"}
=====================
2018-10-03 18:09:19
user_id:17==>data:{"amount":"60.0000","balls":[{"ball":"123456|123456","position":[["0","1","2","3","4","5"],["0","1","2","3","4","5"]],"extra":{},"moneyunit":"1.000","multiple":"1","num":30,"onePrice":2,"prizeGroup":"1950","type":"eth.eth.dx","typeCN":"二同号,二同号,二同号单选","viewBalls":"123456|123456","wayId":"160","jsId":1,"totalMoney":60,"rebate":"0.000000"}],"gameId":21,"isTrace":0,"orders":{"20181003053":1},"traceWinStop":1,"gameNameCn":"广西快三"}
=====================
2018-10-03 18:21:44
user_id:17==>data:{"amount":"60.0000","balls":[{"ball":"123456|123456","position":[["0","1","2","3","4","5"],["0","1","2","3","4","5"]],"extra":{},"moneyunit":"1.000","multiple":"1","num":30,"onePrice":2,"prizeGroup":"1950","type":"eth.eth.dx","typeCN":"二同号,二同号,二同号单选","viewBalls":"123456|123456","wayId":"160","jsId":1,"totalMoney":60,"rebate":"0.000000"}],"gameId":21,"isTrace":0,"orders":{"20181003053":1},"traceWinStop":1,"gameNameCn":"广西快三"}
=====================
2018-10-03 18:22:42
user_id:17==>data:{"amount":"60.0000","balls":[{"ball":"123456|123456","position":[["0","1","2","3","4","5"],["0","1","2","3","4","5"]],"extra":{},"moneyunit":"1.000","multiple":"1","num":30,"onePrice":2,"prizeGroup":"1950","type":"eth.eth.dx","typeCN":"二同号,二同号,二同号单选","viewBalls":"123456|123456","wayId":"160","jsId":0,"totalMoney":60,"rebate":"0.000000"}],"gameId":21,"isTrace":0,"orders":{"20181003054":1},"traceWinStop":1,"gameNameCn":"广西快三"}
=====================
2018-10-03 18:25:40
user_id:17==>data:{"amount":"60.0000","balls":[{"ball":"123456|123456","position":[["0","1","2","3","4","5"],["0","1","2","3","4","5"]],"extra":{},"moneyunit":"1.000","multiple":"1","num":30,"onePrice":2,"prizeGroup":"1950","type":"eth.eth.dx","typeCN":"二同号,二同号,二同号单选","viewBalls":"123456|123456","wayId":"160","jsId":1,"totalMoney":60,"rebate":"0.000000"}],"gameId":21,"isTrace":0,"orders":{"20181003054":1},"traceWinStop":1,"gameNameCn":"广西快三"}
=====================
2018-10-03 18:27:42
user_id:17==>data:{"amount":"60.0000","balls":[{"ball":"123456|123456","position":[["0","1","2","3","4","5"],["0","1","2","3","4","5"]],"extra":{},"moneyunit":"1.000","multiple":"1","num":30,"onePrice":2,"prizeGroup":"1950","type":"eth.eth.dx","typeCN":"二同号,二同号,二同号单选","viewBalls":"123456|123456","wayId":"160","jsId":1,"totalMoney":60,"rebate":"0.000000"}],"gameId":21,"isTrace":0,"orders":{"20181003054":1},"traceWinStop":1,"gameNameCn":"广西快三"}
=====================
2018-10-03 18:38:20
user_id:17==>data:{"amount":"60.0000","balls":[{"ball":"123456|123456","position":[["0","1","2","3","4","5"],["0","1","2","3","4","5"]],"extra":{},"moneyunit":"1.000","multiple":"1","num":30,"onePrice":2,"prizeGroup":"1950","type":"eth.eth.dx","typeCN":"二同号,二同号,二同号单选","viewBalls":"123456|123456","wayId":"160","jsId":1,"totalMoney":60,"rebate":"0.000000"}],"gameId":21,"isTrace":0,"orders":{"20181003054":1},"traceWinStop":1,"gameNameCn":"广西快三"}
=====================
2018-10-03 18:39:05
user_id:17==>data:{"amount":"60.0000","balls":[{"ball":"123456|123456","position":[["0","1","2","3","4","5"],["0","1","2","3","4","5"]],"extra":{},"moneyunit":"1.000","multiple":"1","num":30,"onePrice":2,"prizeGroup":"1950","type":"eth.eth.dx","typeCN":"二同号,二同号,二同号单选","viewBalls":"123456|123456","wayId":"160","jsId":1,"totalMoney":60,"rebate":"0.000000"}],"gameId":21,"isTrace":0,"orders":{"20181003054":1},"traceWinStop":1,"gameNameCn":"广西快三"}
=====================
2018-10-03 18:40:10
user_id:17==>data:{"amount":"60.0000","balls":[{"ball":"123456|123456","position":[["0","1","2","3","4","5"],["0","1","2","3","4","5"]],"extra":{},"moneyunit":"1.000","multiple":"1","num":30,"onePrice":2,"prizeGroup":"1950","type":"eth.eth.dx","typeCN":"二同号,二同号,二同号单选","viewBalls":"123456|123456","wayId":"160","jsId":1,"totalMoney":60,"rebate":"0.000000"}],"gameId":21,"isTrace":0,"orders":{"20181003054":1},"traceWinStop":1,"gameNameCn":"广西快三"}
=====================
2018-10-03 18:42:04
user_id:17==>data:{"amount":"60.0000","balls":[{"ball":"123456|123456","position":[["0","1","2","3","4","5"],["0","1","2","3","4","5"]],"extra":{},"moneyunit":"1.000","multiple":"1","num":30,"onePrice":2,"prizeGroup":"1950","type":"eth.eth.dx","typeCN":"二同号,二同号,二同号单选","viewBalls":"123456|123456","wayId":"160","jsId":1,"totalMoney":60,"rebate":"0.000000"}],"gameId":21,"isTrace":0,"orders":{"20181003054":1},"traceWinStop":1,"gameNameCn":"广西快三"}
=====================
2018-10-03 18:43:28
user_id:17==>data:{"amount":"60.0000","balls":[{"ball":"123456|123456","position":[["0","1","2","3","4","5"],["0","1","2","3","4","5"]],"extra":{},"moneyunit":"1.000","multiple":"1","num":30,"onePrice":2,"prizeGroup":"1950","type":"eth.eth.dx","typeCN":"二同号,二同号,二同号单选","viewBalls":"123456|123456","wayId":"160","jsId":1,"totalMoney":60,"rebate":"0.000000"}],"gameId":21,"isTrace":0,"orders":{"20181003054":1},"traceWinStop":1,"gameNameCn":"广西快三"}
=====================
